<?xml version="1.0" encoding="UTF-8"?>
<!-- Generated by org.testng.reporters.JUnitXMLReporter -->
<testsuite ignored="1" hostname="DESKTOP-H9AB4PT" failures="0" tests="3" name="Test" time="0.075" errors="0" timestamp="2023-07-21T22:13:14 IST">
  <testcase classname="com.actitime.testscript.ProjectModule" name="deleteproject" time="0.019"/>
  <testcase classname="com.actitime.testscript.CustomerModule" name="createCustomer" time="0.001"/>
  <testcase classname="com.actitime.testscript.CustomerModule" name="deleteCustomer" time="0.002"/>
  <testcase classname="com.actitime.testscript.ProjectModule" name="createproject" time="0.0">
    <ignored/>
  </testcase> <!-- createproject -->
</testsuite> <!-- Test -->
